[0727/211326.651:ERROR:process_memory_win.cc(73)] ReadMemory at 0x1c7a9bb2e60 of 64 bytes failed: ReadProcessMemory veya WriteProcessMemory isteðinin sadece bir parçasý tamamlandý. (0x12B)
[0727/211326.651:WARNING:pe_image_annotations_reader.cc(161)] could not read annotation name at index 36 in C:\Program Files (x86)\Google\Chrome\Application\75.0.3770.142\chrome_child.dll
[0727/211326.651:ERROR:process_memory_win.cc(73)] ReadMemory at 0x1c7a9bb3fb0 of 32 bytes failed: ReadProcessMemory veya WriteProcessMemory isteðinin sadece bir parçasý tamamlandý. (0x12B)
[0727/211326.651:WARNING:pe_image_annotations_reader.cc(146)] could not read annotation at index 37 in C:\Program Files (x86)\Google\Chrome\Application\75.0.3770.142\chrome_child.dll
[0727/211326.652:ERROR:process_memory_win.cc(73)] ReadMemory at 0x1c7a9a10000 of 64 bytes failed: ReadProcessMemory veya WriteProcessMemory isteðinin sadece bir parçasý tamamlandý. (0x12B)
[0727/211326.652:WARNING:pe_image_reader.cc(340)] could not read dos header from C:\Windows\System32\ole32.dll
[0727/211326.652:ERROR:process_memory_win.cc(73)] ReadMemory at 0x1c7a9a10000 of 64 bytes failed: ReadProcessMemory veya WriteProcessMemory isteðinin sadece bir parçasý tamamlandý. (0x12B)
[0727/211326.652:WARNING:pe_image_reader.cc(340)] could not read dos header from C:\Windows\System32\ole32.dll
[0727/211326.680:ERROR:process_memory_win.cc(73)] ReadMemory at 0x7ff68a8d0000 of 64 bytes failed: ReadProcessMemory veya WriteProcessMemory isteðinin sadece bir parçasý tamamlandý. (0x12B)
[0727/211326.680:WARNING:pe_image_reader.cc(340)] could not read dos header from C:\Program Files (x86)\Google\Chrome\Application\chrome.exe
[0727/211326.680:ERROR:process_memory_win.cc(73)] ReadMemory at 0x7fffb1460000 of 64 bytes failed: ReadProcessMemory veya WriteProcessMemory isteðinin sadece bir parçasý tamamlandý. (0x12B)
[0727/211326.680:WARNING:pe_image_reader.cc(340)] could not read dos header from C:\Windows\SYSTEM32\ntdll.dll
[0727/211326.680:ERROR:process_memory_win.cc(73)] ReadMemory at 0x7fffb01f0000 of 64 bytes failed: ReadProcessMemory veya WriteProcessMemory isteðinin sadece bir parçasý tamamlandý. (0x12B)
[0727/211326.680:WARNING:pe_image_reader.cc(340)] could not read dos header from C:\Windows\System32\KERNEL32.DLL
[0727/211326.680:ERROR:process_memory_win.cc(73)] ReadMemory at 0x7fffae4f0000 of 64 bytes failed: ReadProcessMemory veya WriteProcessMemory isteðinin sadece bir parçasý tamamlandý. (0x12B)
[0727/211326.680:WARNING:pe_image_reader.cc(340)] could not read dos header from C:\Windows\System32\KERNELBASE.dll
[0727/211326.680:ERROR:process_memory_win.cc(73)] ReadMemory at 0x7fffaecf0000 of 64 bytes failed: ReadProcessMemory veya WriteProcessMemory isteðinin sadece bir parçasý tamamlandý. (0x12B)
[0727/211326.680:WARNING:pe_image_reader.cc(340)] could not read dos header from C:\Windows\System32\SHELL32.dll
[0727/211326.680:ERROR:process_memory_win.cc(73)] ReadMemory at 0x7fffb0670000 of 64 bytes failed: ReadProcessMemory veya WriteProcessMemory isteðinin sadece bir parçasý tamamlandý. (0x12B)
[0727/211326.680:WARNING:pe_image_reader.cc(340)] could not read dos header from C:\Windows\System32\msvcrt.dll
[0727/211326.680:ERROR:process_memory_win.cc(73)] ReadMemory at 0x7fffadcd0000 of 64 bytes failed: ReadProcessMemory veya WriteProcessMemory isteðinin sadece bir parçasý tamamlandý. (0x12B)
[0727/211326.680:WARNING:pe_image_reader.cc(340)] could not read dos header from C:\Windows\System32\cfgmgr32.dll
[0727/211326.680:ERROR:process_memory_win.cc(73)] ReadMemory at 0x7fffae770000 of 64 bytes failed: ReadProcessMemory veya WriteProcessMemory isteðinin sadece bir parçasý tamamlandý. (0x12B)
[0727/211326.680:WARNING:pe_image_reader.cc(340)] could not read dos header from C:\Windows\System32\ucrtbase.dll
[0727/211326.680:ERROR:process_memory_win.cc(73)] ReadMemory at 0x7fffaec40000 of 64 bytes failed: ReadProcessMemory veya WriteProcessMemory isteðinin sadece bir parçasý tamamlandý. (0x12B)
[0727/211326.680:WARNING:pe_image_reader.cc(340)] could not read dos header from C:\Windows\System32\shcore.dll
[0727/211326.680:ERROR:process_memory_win.cc(73)] ReadMemory at 0x7fffb0540000 of 64 bytes failed: ReadProcessMemory veya WriteProcessMemory isteðinin sadece bir parçasý tamamlandý. (0x12B)
[0727/211326.680:WARNING:pe_image_reader.cc(340)] could not read dos header from C:\Windows\System32\RPCRT4.dll
[0727/211326.680:ERROR:process_memory_win.cc(73)] ReadMemory at 0x7fffb1010000 of 64 bytes failed: ReadProcessMemory veya WriteProcessMemory isteðinin sadece bir parçasý tamamlandý. (0x12B)
[0727/211326.680:WARNING:pe_image_reader.cc(340)] could not read dos header from C:\Windows\System32\combase.dll
[0727/211326.680:ERROR:process_memory_win.cc(73)] ReadMemory at 0x7fffae870000 of 64 bytes failed: ReadProcessMemory veya WriteProcessMemory isteðinin sadece bir parçasý tamamlandý. (0x12B)
[0727/211326.680:WARNING:pe_image_reader.cc(340)] could not read dos header from C:\Windows\System32\bcryptPrimitives.dll
[0727/211326.680:ERROR:process_memory_win.cc(73)] ReadMemory at 0x7fffadde0000 of 64 bytes failed: ReadProcessMemory veya WriteProcessMemory isteðinin sadece bir parçasý tamamlandý. (0x12B)
[0727/211326.680:WARNING:pe_image_reader.cc(340)] could not read dos header from C:\Windows\System32\windows.storage.dll
[0727/211326.680:ERROR:process_memory_win.cc(73)] ReadMemory at 0x7fffb0140000 of 64 bytes failed: ReadProcessMemory veya WriteProcessMemory isteðinin sadece bir parçasý tamamlandý. (0x12B)
[0727/211326.680:WARNING:pe_image_reader.cc(340)] could not read dos header from C:\Windows\System32\advapi32.dll
[0727/211326.680:ERROR:process_memory_win.cc(73)] ReadMemory at 0x7fffb0800000 of 64 bytes failed: ReadProcessMemory veya WriteProcessMemory isteðinin sadece bir parçasý tamamlandý. (0x12B)
[0727/211326.680:WARNING:pe_image_reader.cc(340)] could not read dos header from C:\Windows\System32\sechost.dll
[0727/211326.680:ERROR:process_memory_win.cc(73)] ReadMemory at 0x7fffb0740000 of 64 bytes failed: ReadProcessMemory veya WriteProcessMemory isteðinin sadece bir parçasý tamamlandý. (0x12B)
[0727/211326.680:WARNING:pe_image_reader.cc(340)] could not read dos header from C:\Windows\System32\shlwapi.dll
[0727/211326.680:ERROR:process_memory_win.cc(73)] ReadMemory at 0x7fffae8f0000 of 64 bytes failed: ReadProcessMemory veya WriteProcessMemory isteðinin sadece bir parçasý tamamlandý. (0x12B)
[0727/211326.680:WARNING:pe_image_reader.cc(340)] could not read dos header from C:\Windows\System32\GDI32.dll
[0727/211326.680:ERROR:process_memory_win.cc(73)] ReadMemory at 0x7fffad8e0000 of 64 bytes failed: ReadProcessMemory veya WriteProcessMemory isteðinin sadece bir parçasý tamamlandý. (0x12B)
[0727/211326.680:WARNING:pe_image_reader.cc(340)] could not read dos header from C:\Windows\System32\gdi32full.dll
[0727/211326.680:ERROR:process_memory_win.cc(73)] ReadMemory at 0x7fffadd40000 of 64 bytes failed: ReadProcessMemory veya WriteProcessMemory isteðinin sadece bir parçasý tamamlandý. (0x12B)
[0727/211326.680:WARNING:pe_image_reader.cc(340)] could not read dos header from C:\Windows\System32\msvcp_win.dll
[0727/211326.680:ERROR:process_memory_win.cc(73)] ReadMemory at 0x7fffb0cc0000 of 64 bytes failed: ReadProcessMemory veya WriteProcessMemory isteðinin sadece bir parçasý tamamlandý. (0x12B)
[0727/211326.680:WARNING:pe_image_reader.cc(340)] could not read dos header from C:\Windows\System32\USER32.dll
[0727/211326.680:ERROR:process_memory_win.cc(73)] ReadMemory at 0x7fffadd20000 of 64 bytes failed: ReadProcessMemory veya WriteProcessMemory isteðinin sadece bir parçasý tamamlandý. (0x12B)
[0727/211326.680:WARNING:pe_image_reader.cc(340)] could not read dos header from C:\Windows\System32\win32u.dll
[0727/211326.680:ERROR:process_memory_win.cc(73)] ReadMemory at 0x7fffad810000 of 64 bytes failed: ReadProcessMemory veya WriteProcessMemory isteðinin sadece bir parçasý tamamlandý. (0x12B)
[0727/211326.680:WARNING:pe_image_reader.cc(340)] could not read dos header from C:\Windows\System32\kernel.appcore.dll
[0727/211326.680:ERROR:process_memory_win.cc(73)] ReadMemory at 0x7fffad770000 of 64 bytes failed: ReadProcessMemory veya WriteProcessMemory isteðinin sadece bir parçasý tamamlandý. (0x12B)
[0727/211326.680:WARNING:pe_image_reader.cc(340)] could not read dos header from C:\Windows\System32\profapi.dll
[0727/211326.680:ERROR:process_memory_win.cc(73)] ReadMemory at 0x7fffad790000 of 64 bytes failed: ReadProcessMemory veya WriteProcessMemory isteðinin sadece bir parçasý tamamlandý. (0x12B)
[0727/211326.680:WARNING:pe_image_reader.cc(340)] could not read dos header from C:\Windows\System32\powrprof.dll
[0727/211326.680:ERROR:process_memory_win.cc(73)] ReadMemory at 0x7fffad800000 of 64 bytes failed: ReadProcessMemory veya WriteProcessMemory isteðinin sadece bir parçasý tamamlandý. (0x12B)
[0727/211326.681:WARNING:pe_image_reader.cc(340)] could not read dos header from C:\Windows\System32\FLTLIB.DLL
[0727/211326.681:ERROR:process_memory_win.cc(73)] ReadMemory at 0x7fff94920000 of 64 bytes failed: ReadProcessMemory veya WriteProcessMemory isteðinin sadece bir parçasý tamamlandý. (0x12B)
[0727/211326.681:WARNING:pe_image_reader.cc(340)] could not read dos header from C:\Program Files (x86)\Google\Chrome\Application\75.0.3770.142\chrome_elf.dll
[0727/211326.681:ERROR:process_memory_win.cc(73)] ReadMemory at 0x7fffa8260000 of 64 bytes failed: ReadProcessMemory veya WriteProcessMemory isteðinin sadece bir parçasý tamamlandý. (0x12B)
[0727/211326.681:WARNING:pe_image_reader.cc(340)] could not read dos header from C:\Windows\SYSTEM32\VERSION.dll
[0727/211326.681:ERROR:process_memory_win.cc(73)] ReadMemory at 0x7fffaba20000 of 64 bytes failed: ReadProcessMemory veya WriteProcessMemory isteðinin sadece bir parçasý tamamlandý. (0x12B)
[0727/211326.681:WARNING:pe_image_reader.cc(340)] could not read dos header from C:\Windows\SYSTEM32\WINMM.dll
[0727/211326.681:ERROR:process_memory_win.cc(73)] ReadMemory at 0x7fffad670000 of 64 bytes failed: ReadProcessMemory veya WriteProcessMemory isteðinin sadece bir parçasý tamamlandý. (0x12B)
[0727/211326.681:WARNING:pe_image_reader.cc(340)] could not read dos header from C:\Windows\SYSTEM32\USERENV.dll
[0727/211326.681:ERROR:process_memory_win.cc(73)] ReadMemory at 0x7fffab900000 of 64 bytes failed: ReadProcessMemory veya WriteProcessMemory isteðinin sadece bir parçasý tamamlandý. (0x12B)
[0727/211326.681:WARNING:pe_image_reader.cc(340)] could not read dos header from C:\Windows\SYSTEM32\WINMMBASE.dll
[0727/211326.681:ERROR:process_memory_win.cc(73)] ReadMemory at 0x7fffad160000 of 64 bytes failed: ReadProcessMemory veya WriteProcessMemory isteðinin sadece bir parçasý tamamlandý. (0x12B)
[0727/211326.681:WARNING:pe_image_reader.cc(340)] could not read dos header from C:\Windows\SYSTEM32\CRYPTBASE.DLL
[0727/211326.681:ERROR:process_memory_win.cc(73)] ReadMemory at 0x7fffb0710000 of 64 bytes failed: ReadProcessMemory veya WriteProcessMemory isteðinin sadece bir parçasý tamamlandý. (0x12B)
[0727/211326.681:WARNING:pe_image_reader.cc(340)] could not read dos header from C:\Windows\System32\IMM32.DLL
[0727/211326.681:ERROR:process_memory_win.cc(73)] ReadMemory at 0x7fff74cd0000 of 64 bytes failed: ReadProcessMemory veya WriteProcessMemory isteðinin sadece bir parçasý tamamlandý. (0x12B)
[0727/211326.681:WARNING:pe_image_reader.cc(340)] could not read dos header from C:\Program Files (x86)\Google\Chrome\Application\75.0.3770.142\chrome_child.dll
[0727/211326.681:ERROR:process_memory_win.cc(73)] ReadMemory at 0x7fffb0ef0000 of 64 bytes failed: ReadProcessMemory veya WriteProcessMemory isteðinin sadece bir parçasý tamamlandý. (0x12B)
[0727/211326.681:WARNING:pe_image_reader.cc(340)] could not read dos header from C:\Windows\System32\WS2_32.dll
[0727/211326.681:ERROR:process_memory_win.cc(73)] ReadMemory at 0x1c7a9a10000 of 64 bytes failed: ReadProcessMemory veya WriteProcessMemory isteðinin sadece bir parçasý tamamlandý. (0x12B)
[0727/211326.681:WARNING:pe_image_reader.cc(340)] could not read dos header from C:\Windows\System32\ole32.dll
[0727/211326.681:ERROR:process_memory_win.cc(73)] ReadMemory at 0x7fffb0410000 of 64 bytes failed: ReadProcessMemory veya WriteProcessMemory isteðinin sadece bir parçasý tamamlandý. (0x12B)
[0727/211326.681:WARNING:pe_image_reader.cc(340)] could not read dos header from C:\Windows\System32\OLEAUT32.dll
[0727/211326.681:ERROR:process_memory_win.cc(73)] ReadMemory at 0x7fffada80000 of 64 bytes failed: ReadProcessMemory veya WriteProcessMemory isteðinin sadece bir parçasý tamamlandý. (0x12B)
[0727/211326.681:WARNING:pe_image_reader.cc(340)] could not read dos header from C:\Windows\System32\WINTRUST.dll
[0727/211326.681:ERROR:process_memory_win.cc(73)] ReadMemory at 0x7fffad7e0000 of 64 bytes failed: ReadProcessMemory veya WriteProcessMemory isteðinin sadece bir parçasý tamamlandý. (0x12B)
[0727/211326.681:WARNING:pe_image_reader.cc(340)] could not read dos header from C:\Windows\System32\MSASN1.dll
[0727/211326.681:ERROR:process_memory_win.cc(73)] ReadMemory at 0x7fffadae0000 of 64 bytes failed: ReadProcessMemory veya WriteProcessMemory isteðinin sadece bir parçasý tamamlandý. (0x12B)
[0727/211326.681:WARNING:pe_image_reader.cc(340)] could not read dos header from C:\Windows\System32\CRYPT32.dll
[0727/211326.681:ERROR:process_memory_win.cc(73)] ReadMemory at 0x7fffb1340000 of 64 bytes failed: ReadProcessMemory veya WriteProcessMemory isteðinin sadece bir parçasý tamamlandý. (0x12B)
[0727/211326.681:WARNING:pe_image_reader.cc(340)] could not read dos header from C:\Windows\System32\COMDLG32.dll
[0727/211326.681:ERROR:process_memory_win.cc(73)] ReadMemory at 0x7fffacd20000 of 64 bytes failed: ReadProcessMemory veya WriteProcessMemory isteðinin sadece bir parçasý tamamlandý. (0x12B)
[0727/211326.681:WARNING:pe_image_reader.cc(340)] could not read dos header from C:\Windows\SYSTEM32\IPHLPAPI.DLL
[0727/211326.681:ERROR:process_memory_win.cc(73)] ReadMemory at 0x7fffa6f20000 of 64 bytes failed: ReadProcessMemory veya WriteProcessMemory isteðinin sadece bir parçasý tamamlandý. (0x12B)
[0727/211326.681:WARNING:pe_image_reader.cc(340)] could not read dos header from C:\Windows\SYSTEM32\OLEACC.dll
[0727/211326.681:ERROR:process_memory_win.cc(73)] ReadMemory at 0x7fff91280000 of 64 bytes failed: ReadProcessMemory veya WriteProcessMemory isteðinin sadece bir parçasý tamamlandý. (0x12B)
[0727/211326.681:WARNING:pe_image_reader.cc(340)] could not read dos header from C:\Windows\SYSTEM32\UIAutomationCore.DLL
[0727/211326.681:ERROR:process_memory_win.cc(73)] ReadMemory at 0x7fffaa480000 of 64 bytes failed: ReadProcessMemory veya WriteProcessMemory isteðinin sadece bir parçasý tamamlandý. (0x12B)
[0727/211326.681:WARNING:pe_image_reader.cc(340)] could not read dos header from C:\Windows\SYSTEM32\WTSAPI32.dll
[0727/211326.681:ERROR:process_memory_win.cc(73)] ReadMemory at 0x7fff96b20000 of 64 bytes failed: ReadProcessMemory veya WriteProcessMemory isteðinin sadece bir parçasý tamamlandý. (0x12B)
[0727/211326.681:WARNING:pe_image_reader.cc(340)] could not read dos header from C:\Windows\SYSTEM32\DWrite.dll
[0727/211326.681:ERROR:process_memory_win.cc(73)] ReadMemory at 0x7fffac540000 of 64 bytes failed: ReadProcessMemory veya WriteProcessMemory isteðinin sadece bir parçasý tamamlandý. (0x12B)
[0727/211326.681:WARNING:pe_image_reader.cc(340)] could not read dos header from C:\Windows\SYSTEM32\dxgi.dll
[0727/211326.681:ERROR:process_memory_win.cc(73)] ReadMemory at 0x7fffa6f90000 of 64 bytes failed: ReadProcessMemory veya WriteProcessMemory isteðinin sadece bir parçasý tamamlandý. (0x12B)
[0727/211326.681:WARNING:pe_image_reader.cc(340)] could not read dos header from C:\Windows\SYSTEM32\WINSPOOL.DRV
[0727/211326.682:ERROR:process_memory_win.cc(73)] ReadMemory at 0x7fff9fe50000 of 64 bytes failed: ReadProcessMemory veya WriteProcessMemory isteðinin sadece bir parçasý tamamlandý. (0x12B)
[0727/211326.682:WARNING:pe_image_reader.cc(340)] could not read dos header from C:\Windows\SYSTEM32\dbghelp.dll
[0727/211326.682:ERROR:process_memory_win.cc(73)] ReadMemory at 0x7fffa3130000 of 64 bytes failed: ReadProcessMemory veya WriteProcessMemory isteðinin sadece bir parçasý tamamlandý. (0x12B)
[0727/211326.682:WARNING:pe_image_reader.cc(340)] could not read dos header from C:\Windows\WinSxS\amd64_microsoft.windows.common-controls_6595b64144ccf1df_6.0.17134.885_none_fb42a3473065565f\COMCTL32.dll
[0727/211326.682:ERROR:process_memory_win.cc(73)] ReadMemory at 0x7fff98a80000 of 64 bytes failed: ReadProcessMemory veya WriteProcessMemory isteðinin sadece bir parçasý tamamlandý. (0x12B)
[0727/211326.682:WARNING:pe_image_reader.cc(340)] could not read dos header from C:\Windows\SYSTEM32\USP10.dll
[0727/211326.682:ERROR:process_memory_win.cc(73)] ReadMemory at 0x7fffa8b50000 of 64 bytes failed: ReadProcessMemory veya WriteProcessMemory isteðinin sadece bir parçasý tamamlandý. (0x12B)
[0727/211326.682:WARNING:pe_image_reader.cc(340)] could not read dos header from C:\Windows\SYSTEM32\WINHTTP.dll
[0727/211326.682:ERROR:process_memory_win.cc(73)] ReadMemory at 0x7fffa1080000 of 64 bytes failed: ReadProcessMemory veya WriteProcessMemory isteðinin sadece bir parçasý tamamlandý. (0x12B)
[0727/211326.682:WARNING:pe_image_reader.cc(340)] could not read dos header from C:\Windows\SYSTEM32\urlmon.dll
[0727/211326.682:ERROR:process_memory_win.cc(73)] ReadMemory at 0x7fff9a660000 of 64 bytes failed: ReadProcessMemory veya WriteProcessMemory isteðinin sadece bir parçasý tamamlandý. (0x12B)
[0727/211326.682:WARNING:pe_image_reader.cc(340)] could not read dos header from C:\Windows\SYSTEM32\Secur32.dll
[0727/211326.682:ERROR:process_memory_win.cc(73)] ReadMemory at 0x7fffa83d0000 of 64 bytes failed: ReadProcessMemory veya WriteProcessMemory isteðinin sadece bir parçasý tamamlandý. (0x12B)
[0727/211326.682:WARNING:pe_image_reader.cc(340)] could not read dos header from C:\Windows\SYSTEM32\dhcpcsvc.DLL
[0727/211326.682:ERROR:process_memory_win.cc(73)] ReadMemory at 0x7fffb0130000 of 64 bytes failed: ReadProcessMemory veya WriteProcessMemory isteðinin sadece bir parçasý tamamlandý. (0x12B)
[0727/211326.682:WARNING:pe_image_reader.cc(340)] could not read dos header from C:\Windows\System32\NSI.dll
[0727/211326.682:ERROR:process_memory_win.cc(73)] ReadMemory at 0x7fffaa260000 of 64 bytes failed: ReadProcessMemory veya WriteProcessMemory isteðinin sadece bir parçasý tamamlandý. (0x12B)
[0727/211326.682:WARNING:pe_image_reader.cc(340)] could not read dos header from C:\Windows\SYSTEM32\PROPSYS.dll
[0727/211326.682:ERROR:process_memory_win.cc(73)] ReadMemory at 0x7fffad2d0000 of 64 bytes failed: ReadProcessMemory veya WriteProcessMemory isteðinin sadece bir parçasý tamamlandý. (0x12B)
[0727/211326.682:WARNING:pe_image_reader.cc(340)] could not read dos header from C:\Windows\SYSTEM32\bcrypt.dll
[0727/211326.682:ERROR:process_memory_win.cc(73)] ReadMemory at 0x7fffa07b0000 of 64 bytes failed: ReadProcessMemory veya WriteProcessMemory isteðinin sadece bir parçasý tamamlandý. (0x12B)
[0727/211326.682:WARNING:pe_image_reader.cc(340)] could not read dos header from C:\Windows\SYSTEM32\iertutil.dll
[0727/211326.682:ERROR:process_memory_win.cc(73)] ReadMemory at 0x7fffad6a0000 of 64 bytes failed: ReadProcessMemory veya WriteProcessMemory isteðinin sadece bir parçasý tamamlandý. (0x12B)
[0727/211326.682:WARNING:pe_image_reader.cc(340)] could not read dos header from C:\Windows\SYSTEM32\SSPICLI.DLL
[0727/211326.692:ERROR:process_memory_win.cc(73)] ReadMemory at 0xbb15fe9000 of 94208 bytes failed: ReadProcessMemory veya WriteProcessMemory isteðinin sadece bir parçasý tamamlandý. (0x12B)
[0727/211326.692:ERROR:process_memory_win.cc(73)] ReadMemory at 0xbb161fd000 of 12288 bytes failed: ReadProcessMemory veya WriteProcessMemory isteðinin sadece bir parçasý tamamlandý. (0x12B)
[0727/211326.693:ERROR:process_memory_win.cc(73)] ReadMemory at 0xbb165fd000 of 12288 bytes failed: ReadProcessMemory veya WriteProcessMemory isteðinin sadece bir parçasý tamamlandý. (0x12B)
[0727/211326.693:ERROR:process_memory_win.cc(73)] ReadMemory at 0xbb167fc000 of 16384 bytes failed: ReadProcessMemory veya WriteProcessMemory isteðinin sadece bir parçasý tamamlandý. (0x12B)
[0727/211326.693:ERROR:process_memory_win.cc(73)] ReadMemory at 0xbb169ff000 of 4096 bytes failed: ReadProcessMemory veya WriteProcessMemory isteðinin sadece bir parçasý tamamlandý. (0x12B)
[0727/211326.693:ERROR:process_memory_win.cc(73)] ReadMemory at 0xbb16bfd000 of 12288 bytes failed: ReadProcessMemory veya WriteProcessMemory isteðinin sadece bir parçasý tamamlandý. (0x12B)
[0727/211326.693:ERROR:process_memory_win.cc(73)] ReadMemory at 0xbb16dfb000 of 20480 bytes failed: ReadProcessMemory veya WriteProcessMemory isteðinin sadece bir parçasý tamamlandý. (0x12B)
[0727/211326.693:ERROR:process_memory_win.cc(73)] ReadMemory at 0xbb171f6000 of 40960 bytes failed: ReadProcessMemory veya WriteProcessMemory isteðinin sadece bir parçasý tamamlandý. (0x12B)
[0727/211326.693:ERROR:process_memory_win.cc(73)] ReadMemory at 0xbb173f5000 of 45056 bytes failed: ReadProcessMemory veya WriteProcessMemory isteðinin sadece bir parçasý tamamlandý. (0x12B)
[0727/211326.693:ERROR:process_memory_win.cc(73)] ReadMemory at 0xbb175fc000 of 16384 bytes failed: ReadProcessMemory veya WriteProcessMemory isteðinin sadece bir parçasý tamamlandý. (0x12B)
[0727/211326.693:ERROR:process_memory_win.cc(73)] ReadMemory at 0xbb17bfc000 of 16384 bytes failed: ReadProcessMemory veya WriteProcessMemory isteðinin sadece bir parçasý tamamlandý. (0x12B)
[0727/211326.694:ERROR:process_memory_win.cc(73)] ReadMemory at 0xbb17dfc000 of 16384 bytes failed: ReadProcessMemory veya WriteProcessMemory isteðinin sadece bir parçasý tamamlandý. (0x12B)
[0727/211326.694:ERROR:process_memory_win.cc(73)] ReadMemory at 0xbb17ffb000 of 20480 bytes failed: ReadProcessMemory veya WriteProcessMemory isteðinin sadece bir parçasý tamamlandý. (0x12B)
[0727/211326.694:ERROR:process_memory_win.cc(73)] ReadMemory at 0xbb15b3e000 of 8192 bytes failed: ReadProcessMemory veya WriteProcessMemory isteðinin sadece bir parçasý tamamlandý. (0x12B)
[0727/211326.694:ERROR:process_memory_win.cc(73)] ReadMemory at 0xbb16ffd000 of 12288 bytes failed: ReadProcessMemory veya WriteProcessMemory isteðinin sadece bir parçasý tamamlandý. (0x12B)
[0727/211326.694:ERROR:process_memory_win.cc(73)] ReadMemory at 0xbb163fd000 of 12288 bytes failed: ReadProcessMemory veya WriteProcessMemory isteðinin sadece bir parçasý tamamlandý. (0x12B)
[0727/211326.694:ERROR:process_memory_win.cc(73)] ReadMemory at 0xbb177ff000 of 4096 bytes failed: ReadProcessMemory veya WriteProcessMemory isteðinin sadece bir parçasý tamamlandý. (0x12B)
[0727/211326.694:ERROR:process_memory_win.cc(73)] ReadMemory at 0xbb179ff000 of 4096 bytes failed: ReadProcessMemory veya WriteProcessMemory isteðinin sadece bir parçasý tamamlandý. (0x12B)
[0727/211326.694:ERROR:process_memory_win.cc(73)] ReadMemory at 0xbb15c00000 of 6024 bytes failed: ReadProcessMemory veya WriteProcessMemory isteðinin sadece bir parçasý tamamlandý. (0x12B)
[0727/211326.694:ERROR:process_memory_win.cc(73)] ReadMemory at 0xbb15c02000 of 6024 bytes failed: ReadProcessMemory veya WriteProcessMemory isteðinin sadece bir parçasý tamamlandý. (0x12B)
[0727/211326.694:ERROR:process_memory_win.cc(73)] ReadMemory at 0xbb15c06000 of 6024 bytes failed: ReadProcessMemory veya WriteProcessMemory isteðinin sadece bir parçasý tamamlandý. (0x12B)
[0727/211326.694:ERROR:process_memory_win.cc(73)] ReadMemory at 0xbb15c08000 of 6024 bytes failed: ReadProcessMemory veya WriteProcessMemory isteðinin sadece bir parçasý tamamlandý. (0x12B)
[0727/211326.694:ERROR:process_memory_win.cc(73)] ReadMemory at 0xbb15c0a000 of 6024 bytes failed: ReadProcessMemory veya WriteProcessMemory isteðinin sadece bir parçasý tamamlandý. (0x12B)
[0727/211326.695:ERROR:process_memory_win.cc(73)] ReadMemory at 0xbb15c10000 of 6024 bytes failed: ReadProcessMemory veya WriteProcessMemory isteðinin sadece bir parçasý tamamlandý. (0x12B)
[0727/211326.695:ERROR:process_memory_win.cc(73)] ReadMemory at 0xbb15c12000 of 6024 bytes failed: ReadProcessMemory veya WriteProcessMemory isteðinin sadece bir parçasý tamamlandý. (0x12B)
[0727/211326.695:ERROR:process_memory_win.cc(73)] ReadMemory at 0xbb15c14000 of 6024 bytes failed: ReadProcessMemory veya WriteProcessMemory isteðinin sadece bir parçasý tamamlandý. (0x12B)
[0727/211326.695:ERROR:process_memory_win.cc(73)] ReadMemory at 0xbb15c16000 of 6024 bytes failed: ReadProcessMemory veya WriteProcessMemory isteðinin sadece bir parçasý tamamlandý. (0x12B)
[0727/211326.695:ERROR:process_memory_win.cc(73)] ReadMemory at 0xbb15c18000 of 6024 bytes failed: ReadProcessMemory veya WriteProcessMemory isteðinin sadece bir parçasý tamamlandý. (0x12B)
[0727/211326.695:ERROR:process_memory_win.cc(73)] ReadMemory at 0xbb15c24000 of 6024 bytes failed: ReadProcessMemory veya WriteProcessMemory isteðinin sadece bir parçasý tamamlandý. (0x12B)
[0727/211326.695:ERROR:process_memory_win.cc(73)] ReadMemory at 0xbb15c2a000 of 6024 bytes failed: ReadProcessMemory veya WriteProcessMemory isteðinin sadece bir parçasý tamamlandý. (0x12B)
[0727/211326.695:ERROR:process_memory_win.cc(73)] ReadMemory at 0xbb15c2c000 of 6024 bytes failed: ReadProcessMemory veya WriteProcessMemory isteðinin sadece bir parçasý tamamlandý. (0x12B)
[0727/211326.695:ERROR:process_memory_win.cc(73)] ReadMemory at 0xbb15df2000 of 852 bytes failed: ReadProcessMemory veya WriteProcessMemory isteðinin sadece bir parçasý tamamlandý. (0x12B)
[0727/211326.695:ERROR:process_memory_win.cc(73)] ReadMemory at 0xbb15df3000 of 6024 bytes failed: ReadProcessMemory veya WriteProcessMemory isteðinin sadece bir parçasý tamamlandý. (0x12B)
[0727/211326.695:ERROR:process_memory_win.cc(73)] ReadMemory at 0xbb15df5000 of 6024 bytes failed: ReadProcessMemory veya WriteProcessMemory isteðinin sadece bir parçasý tamamlandý. (0x12B)
[0727/211326.695:ERROR:process_memory_win.cc(73)] ReadMemory at 0xbb15df9000 of 6024 bytes failed: ReadProcessMemory veya WriteProcessMemory isteðinin sadece bir parçasý tamamlandý. (0x12B)
[0727/211326.695:ERROR:process_memory_win.cc(73)] ReadMemory at 0xbb15dfb000 of 6024 bytes failed: ReadProcessMemory veya WriteProcessMemory isteðinin sadece bir parçasý tamamlandý. (0x12B)
[0727/211326.695:ERROR:process_memory_win.cc(73)] ReadMemory at 0xbb15dfd000 of 6024 bytes failed: ReadProcessMemory veya WriteProcessMemory isteðinin sadece bir parçasý tamamlandý. (0x12B)
[0727/211326.696:ERROR:process_memory_win.cc(73)] ReadMemory at 0x1c7a9640fc0 of 4272 bytes failed: ReadProcessMemory veya WriteProcessMemory isteðinin sadece bir parçasý tamamlandý. (0x12B)
[0727/211326.696:ERROR:process_memory_win.cc(73)] ReadMemory at 0x1c7a9642080 of 1012 bytes failed: ReadProcessMemory veya WriteProcessMemory isteðinin sadece bir parçasý tamamlandý. (0x12B)
[0727/211326.696:ERROR:process_memory_win.cc(73)] ReadMemory at 0x1c7a9642698 of 120 bytes failed: ReadProcessMemory veya WriteProcessMemory isteðinin sadece bir parçasý tamamlandý. (0x12B)
[0727/211326.696:ERROR:process_memory_win.cc(73)] ReadMemory at 0x1c7a9642712 of 118 bytes failed: ReadProcessMemory veya WriteProcessMemory isteðinin sadece bir parçasý tamamlandý. (0x12B)
[0727/211326.696:ERROR:process_memory_win.cc(73)] ReadMemory at 0x1c7a964278a of 1412 bytes failed: ReadProcessMemory veya WriteProcessMemory isteðinin sadece bir parçasý tamamlandý. (0x12B)
[0727/211326.696:ERROR:process_memory_win.cc(73)] ReadMemory at 0x1c7a9642d10 of 118 bytes failed: ReadProcessMemory veya WriteProcessMemory isteðinin sadece bir parçasý tamamlandý. (0x12B)
[0727/211326.696:ERROR:process_memory_win.cc(73)] ReadMemory at 0x1c7a9642d88 of 96 bytes failed: ReadProcessMemory veya WriteProcessMemory isteðinin sadece bir parçasý tamamlandý. (0x12B)
[0727/211326.696:ERROR:process_memory_win.cc(73)] ReadMemory at 0x1c7a9642e00 of 58 bytes failed: ReadProcessMemory veya WriteProcessMemory isteðinin sadece bir parçasý tamamlandý. (0x12B)
[0727/211326.696:ERROR:process_memory_win.cc(73)] ReadMemory at 0x1c7a9642f90 of 132 bytes failed: ReadProcessMemory veya WriteProcessMemory isteðinin sadece bir parçasý tamamlandý. (0x12B)
[0727/211326.696:ERROR:process_memory_win.cc(73)] ReadMemory at 0x1c7a9643120 of 132 bytes failed: ReadProcessMemory veya WriteProcessMemory isteðinin sadece bir parçasý tamamlandý. (0x12B)
[0727/211326.696:ERROR:process_memory_win.cc(73)] ReadMemory at 0x1c7a96432e0 of 126 bytes failed: ReadProcessMemory veya WriteProcessMemory isteðinin sadece bir parçasý tamamlandý. (0x12B)
[0727/211326.696:ERROR:process_memory_win.cc(73)] ReadMemory at 0x1c7a96436c0 of 132 bytes failed: ReadProcessMemory veya WriteProcessMemory isteðinin sadece bir parçasý tamamlandý. (0x12B)
[0727/211326.696:ERROR:process_memory_win.cc(73)] ReadMemory at 0x1c7a9643850 of 64 bytes failed: ReadProcessMemory veya WriteProcessMemory isteðinin sadece bir parçasý tamamlandý. (0x12B)
[0727/211326.696:ERROR:process_memory_win.cc(73)] ReadMemory at 0x1c7a96438a0 of 132 bytes failed: ReadProcessMemory veya WriteProcessMemory isteðinin sadece bir parçasý tamamlandý. (0x12B)
[0727/211326.696:ERROR:process_memory_win.cc(73)] ReadMemory at 0x1c7a96439d0 of 132 bytes failed: ReadProcessMemory veya WriteProcessMemory isteðinin sadece bir parçasý tamamlandý. (0x12B)
[0727/211326.696:ERROR:process_memory_win.cc(73)] ReadMemory at 0x1c7a9643ca0 of 132 bytes failed: ReadProcessMemory veya WriteProcessMemory isteðinin sadece bir parçasý tamamlandý. (0x12B)
[0727/211326.696:ERROR:process_memory_win.cc(73)] ReadMemory at 0x1c7a9643e30 of 68 bytes failed: ReadProcessMemory veya WriteProcessMemory isteðinin sadece bir parçasý tamamlandý. (0x12B)
[0727/211326.696:ERROR:process_memory_win.cc(73)] ReadMemory at 0x1c7a9644fb0 of 62 bytes failed: ReadProcessMemory veya WriteProcessMemory isteðinin sadece bir parçasý tamamlandý. (0x12B)
[0727/211326.696:ERROR:process_memory_win.cc(73)] ReadMemory at 0x1c7a96451a0 of 246 bytes failed: ReadProcessMemory veya WriteProcessMemory isteðinin sadece bir parçasý tamamlandý. (0x12B)
[0727/211326.696:ERROR:process_memory_win.cc(73)] ReadMemory at 0x1c7a96453b0 of 132 bytes failed: ReadProcessMemory veya WriteProcessMemory isteðinin sadece bir parçasý tamamlandý. (0x12B)
[0727/211326.696:ERROR:process_memory_win.cc(73)] ReadMemory at 0x1c7a9645540 of 60 bytes failed: ReadProcessMemory veya WriteProcessMemory isteðinin sadece bir parçasý tamamlandý. (0x12B)
[0727/211326.696:ERROR:process_memory_win.cc(73)] ReadMemory at 0x1c7a9645590 of 158 bytes failed: ReadProcessMemory veya WriteProcessMemory isteðinin sadece bir parçasý tamamlandý. (0x12B)
[0727/211326.696:ERROR:process_memory_win.cc(73)] ReadMemory at 0x1c7a9645790 of 132 bytes failed: ReadProcessMemory veya WriteProcessMemory isteðinin sadece bir parçasý tamamlandý. (0x12B)
[0727/211326.696:ERROR:process_memory_win.cc(73)] ReadMemory at 0x1c7a9645920 of 64 bytes failed: ReadProcessMemory veya WriteProcessMemory isteðinin sadece bir parçasý tamamlandý. (0x12B)
[0727/211326.696:ERROR:process_memory_win.cc(73)] ReadMemory at 0x1c7a9645ba0 of 132 bytes failed: ReadProcessMemory veya WriteProcessMemory isteðinin sadece bir parçasý tamamlandý. (0x12B)
[0727/211326.696:ERROR:process_memory_win.cc(73)] ReadMemory at 0x1c7a9645d30 of 64 bytes failed: ReadProcessMemory veya WriteProcessMemory isteðinin sadece bir parçasý tamamlandý. (0x12B)
[0727/211326.697:ERROR:process_memory_win.cc(73)] ReadMemory at 0x1c7a9645f90 of 132 bytes failed: ReadProcessMemory veya WriteProcessMemory isteðinin sadece bir parçasý tamamlandý. (0x12B)
[0727/211326.697:ERROR:process_memory_win.cc(73)] ReadMemory at 0x1c7a9646120 of 60 bytes failed: ReadProcessMemory veya WriteProcessMemory isteðinin sadece bir parçasý tamamlandý. (0x12B)
[0727/211326.697:ERROR:process_memory_win.cc(73)] ReadMemory at 0x1c7a9646440 of 132 bytes failed: ReadProcessMemory veya WriteProcessMemory isteðinin sadece bir parçasý tamamlandý. (0x12B)
[0727/211326.697:ERROR:process_memory_win.cc(73)] ReadMemory at 0x1c7a96465d0 of 60 bytes failed: ReadProcessMemory veya WriteProcessMemory isteðinin sadece bir parçasý tamamlandý. (0x12B)
[0727/211326.697:ERROR:process_memory_win.cc(73)] ReadMemory at 0x1c7a9646810 of 132 bytes failed: ReadProcessMemory veya WriteProcessMemory isteðinin sadece bir parçasý tamamlandý. (0x12B)
[0727/211326.697:ERROR:process_memory_win.cc(73)] ReadMemory at 0x1c7a96469a0 of 62 bytes failed: ReadProcessMemory veya WriteProcessMemory isteðinin sadece bir parçasý tamamlandý. (0x12B)
[0727/211326.697:ERROR:process_memory_win.cc(73)] ReadMemory at 0x1c7a9646d10 of 132 bytes failed: ReadProcessMemory veya WriteProcessMemory isteðinin sadece bir parçasý tamamlandý. (0x12B)
[0727/211326.697:ERROR:process_memory_win.cc(73)] ReadMemory at 0x1c7a9646ea0 of 80 bytes failed: ReadProcessMemory veya WriteProcessMemory isteðinin sadece bir parçasý tamamlandý. (0x12B)
[0727/211326.697:ERROR:process_memory_win.cc(73)] ReadMemory at 0x1c7a96494e0 of 132 bytes failed: ReadProcessMemory veya WriteProcessMemory isteðinin sadece bir parçasý tamamlandý. (0x12B)
[0727/211326.697:ERROR:process_memory_win.cc(73)] ReadMemory at 0x1c7a9649900 of 76 bytes failed: ReadProcessMemory veya WriteProcessMemory isteðinin sadece bir parçasý tamamlandý. (0x12B)
[0727/211326.697:ERROR:process_memory_win.cc(73)] ReadMemory at 0x1c7a9649c60 of 78 bytes failed: ReadProcessMemory veya WriteProcessMemory isteðinin sadece bir parçasý tamamlandý. (0x12B)
[0727/211326.697:ERROR:process_memory_win.cc(73)] ReadMemory at 0x1c7a964aa40 of 132 bytes failed: ReadProcessMemory veya WriteProcessMemory isteðinin sadece bir parçasý tamamlandý. (0x12B)
[0727/211326.697:ERROR:process_memory_win.cc(73)] ReadMemory at 0x1c7a964ab70 of 64 bytes failed: ReadProcessMemory veya WriteProcessMemory isteðinin sadece bir parçasý tamamlandý. (0x12B)
[0727/211326.697:ERROR:process_memory_win.cc(73)] ReadMemory at 0x1c7a964ade0 of 132 bytes failed: ReadProcessMemory veya WriteProcessMemory isteðinin sadece bir parçasý tamamlandý. (0x12B)
[0727/211326.697:ERROR:process_memory_win.cc(73)] ReadMemory at 0x1c7a964af10 of 62 bytes failed: ReadProcessMemory veya WriteProcessMemory isteðinin sadece bir parçasý tamamlandý. (0x12B)
[0727/211326.697:ERROR:process_memory_win.cc(73)] ReadMemory at 0x1c7a964b140 of 132 bytes failed: ReadProcessMemory veya WriteProcessMemory isteðinin sadece bir parçasý tamamlandý. (0x12B)
[0727/211326.697:ERROR:process_memory_win.cc(73)] ReadMemory at 0x1c7a964b270 of 62 bytes failed: ReadProcessMemory veya WriteProcessMemory isteðinin sadece bir parçasý tamamlandý. (0x12B)
[0727/211326.697:ERROR:process_memory_win.cc(73)] ReadMemory at 0x1c7a964b570 of 132 bytes failed: ReadProcessMemory veya WriteProcessMemory isteðinin sadece bir parçasý tamamlandý. (0x12B)
[0727/211326.697:ERROR:process_memory_win.cc(73)] ReadMemory at 0x1c7a964b6a0 of 132 bytes failed: ReadProcessMemory veya WriteProcessMemory isteðinin sadece bir parçasý tamamlandý. (0x12B)
[0727/211326.697:ERROR:process_memory_win.cc(73)] ReadMemory at 0x1c7a964b7d0 of 132 bytes failed: ReadProcessMemory veya WriteProcessMemory isteðinin sadece bir parçasý tamamlandý. (0x12B)
[0727/211326.697:ERROR:process_memory_win.cc(73)] ReadMemory at 0x1c7a964b900 of 132 bytes failed: ReadProcessMemory veya WriteProcessMemory isteðinin sadece bir parçasý tamamlandý. (0x12B)
[0727/211326.697:ERROR:process_memory_win.cc(73)] ReadMemory at 0x1c7a964ba30 of 132 bytes failed: ReadProcessMemory veya WriteProcessMemory isteðinin sadece bir parçasý tamamlandý. (0x12B)
[0727/211326.697:ERROR:process_memory_win.cc(73)] ReadMemory at 0x1c7a964bb60 of 132 bytes failed: ReadProcessMemory veya WriteProcessMemory isteðinin sadece bir parçasý tamamlandý. (0x12B)
[0727/211326.697:ERROR:process_memory_win.cc(73)] ReadMemory at 0x1c7a964bdc0 of 132 bytes failed: ReadProcessMemory veya WriteProcessMemory isteðinin sadece bir parçasý tamamlandý. (0x12B)
[0727/211326.698:ERROR:process_memory_win.cc(73)] ReadMemory at 0x1c7a964bef0 of 132 bytes failed: ReadProcessMemory veya WriteProcessMemory isteðinin sadece bir parçasý tamamlandý. (0x12B)
[0727/211326.698:ERROR:process_memory_win.cc(73)] ReadMemory at 0x1c7a964c020 of 132 bytes failed: ReadProcessMemory veya WriteProcessMemory isteðinin sadece bir parçasý tamamlandý. (0x12B)
[0727/211326.698:ERROR:process_memory_win.cc(73)] ReadMemory at 0x1c7a964c150 of 132 bytes failed: ReadProcessMemory veya WriteProcessMemory isteðinin sadece bir parçasý tamamlandý. (0x12B)
[0727/211326.698:ERROR:process_memory_win.cc(73)] ReadMemory at 0x1c7a964c280 of 132 bytes failed: ReadProcessMemory veya WriteProcessMemory isteðinin sadece bir parçasý tamamlandý. (0x12B)
[0727/211326.698:ERROR:process_memory_win.cc(73)] ReadMemory at 0x1c7a964c3b0 of 132 bytes failed: ReadProcessMemory veya WriteProcessMemory isteðinin sadece bir parçasý tamamlandý. (0x12B)
[0727/211326.698:ERROR:process_memory_win.cc(73)] ReadMemory at 0x1c7a964c670 of 60 bytes failed: ReadProcessMemory veya WriteProcessMemory isteðinin sadece bir parçasý tamamlandý. (0x12B)
[0727/211326.698:ERROR:process_memory_win.cc(73)] ReadMemory at 0x1c7a964c6c0 of 62 bytes failed: ReadProcessMemory veya WriteProcessMemory isteðinin sadece bir parçasý tamamlandý. (0x12B)
[0727/211326.698:ERROR:process_memory_win.cc(73)] ReadMemory at 0x1c7a964c710 of 66 bytes failed: ReadProcessMemory veya WriteProcessMemory isteðinin sadece bir parçasý tamamlandý. (0x12B)
[0727/211326.698:ERROR:process_memory_win.cc(73)] ReadMemory at 0x1c7a964c760 of 62 bytes failed: ReadProcessMemory veya WriteProcessMemory isteðinin sadece bir parçasý tamamlandý. (0x12B)
[0727/211326.698:ERROR:process_memory_win.cc(73)] ReadMemory at 0x1c7a964c7b0 of 60 bytes failed: ReadProcessMemory veya WriteProcessMemory isteðinin sadece bir parçasý tamamlandý. (0x12B)
[0727/211326.698:ERROR:process_memory_win.cc(73)] ReadMemory at 0x1c7a964c800 of 62 bytes failed: ReadProcessMemory veya WriteProcessMemory isteðinin sadece bir parçasý tamamlandý. (0x12B)
[0727/211326.698:ERROR:process_memory_win.cc(73)] ReadMemory at 0x1c7a964c850 of 58 bytes failed: ReadProcessMemory veya WriteProcessMemory isteðinin sadece bir parçasý tamamlandý. (0x12B)
[0727/211326.698:ERROR:process_memory_win.cc(73)] ReadMemory at 0x1c7a964c8a0 of 66 bytes failed: ReadProcessMemory veya WriteProcessMemory isteðinin sadece bir parçasý tamamlandý. (0x12B)
[0727/211326.698:ERROR:process_memory_win.cc(73)] ReadMemory at 0x1c7a964c990 of 64 bytes failed: ReadProcessMemory veya WriteProcessMemory isteðinin sadece bir parçasý tamamlandý. (0x12B)
[0727/211326.698:ERROR:process_memory_win.cc(73)] ReadMemory at 0x1c7a964c9e0 of 66 bytes failed: ReadProcessMemory veya WriteProcessMemory isteðinin sadece bir parçasý tamamlandý. (0x12B)
[0727/211326.698:ERROR:process_memory_win.cc(73)] ReadMemory at 0x1c7a964ca30 of 58 bytes failed: ReadProcessMemory veya WriteProcessMemory isteðinin sadece bir parçasý tamamlandý. (0x12B)
[0727/211326.698:ERROR:process_memory_win.cc(73)] ReadMemory at 0x1c7a964ca80 of 60 bytes failed: ReadProcessMemory veya WriteProcessMemory isteðinin sadece bir parçasý tamamlandý. (0x12B)
[0727/211326.698:ERROR:process_memory_win.cc(73)] ReadMemory at 0x1c7a964cbc0 of 66 bytes failed: ReadProcessMemory veya WriteProcessMemory isteðinin sadece bir parçasý tamamlandý. (0x12B)
[0727/211326.698:ERROR:process_memory_win.cc(73)] ReadMemory at 0x1c7a964e660 of 154 bytes failed: ReadProcessMemory veya WriteProcessMemory isteðinin sadece bir parçasý tamamlandý. (0x12B)
[0727/211326.698:ERROR:process_memory_win.cc(73)] ReadMemory at 0x1c7a9651000 of 132 bytes failed: ReadProcessMemory veya WriteProcessMemory isteðinin sadece bir parçasý tamamlandý. (0x12B)
[0727/211326.698:ERROR:process_memory_win.cc(73)] ReadMemory at 0x1c7a9651130 of 132 bytes failed: ReadProcessMemory veya WriteProcessMemory isteðinin sadece bir parçasý tamamlandý. (0x12B)
[0727/211326.698:ERROR:process_memory_win.cc(73)] ReadMemory at 0x1c7a9651260 of 132 bytes failed: ReadProcessMemory veya WriteProcessMemory isteðinin sadece bir parçasý tamamlandý. (0x12B)
[0727/211326.698:ERROR:process_memory_win.cc(73)] ReadMemory at 0x1c7a9651390 of 132 bytes failed: ReadProcessMemory veya WriteProcessMemory isteðinin sadece bir parçasý tamamlandý. (0x12B)
[0727/211326.698:ERROR:process_memory_win.cc(73)] ReadMemory at 0x1c7a96514c0 of 132 bytes failed: ReadProcessMemory veya WriteProcessMemory isteðinin sadece bir parçasý tamamlandý. (0x12B)
[0727/211326.699:ERROR:process_memory_win.cc(73)] ReadMemory at 0x1c7a96515f0 of 132 bytes failed: ReadProcessMemory veya WriteProcessMemory isteðinin sadece bir parçasý tamamlandý. (0x12B)
[0727/211326.699:ERROR:process_memory_win.cc(73)] ReadMemory at 0x1c7a9651720 of 132 bytes failed: ReadProcessMemory veya WriteProcessMemory isteðinin sadece bir parçasý tamamlandý. (0x12B)
[0727/211326.699:ERROR:process_memory_win.cc(73)] ReadMemory at 0x1c7a9651850 of 132 bytes failed: ReadProcessMemory veya WriteProcessMemory isteðinin sadece bir parçasý tamamlandý. (0x12B)
[0727/211326.699:ERROR:process_memory_win.cc(73)] ReadMemory at 0x1c7a9651980 of 132 bytes failed: ReadProcessMemory veya WriteProcessMemory isteðinin sadece bir parçasý tamamlandý. (0x12B)
[0727/211326.699:ERROR:process_memory_win.cc(73)] ReadMemory at 0x1c7a9651ab0 of 132 bytes failed: ReadProcessMemory veya WriteProcessMemory isteðinin sadece bir parçasý tamamlandý. (0x12B)
[0727/211326.699:ERROR:process_memory_win.cc(73)] ReadMemory at 0x1c7a9651be0 of 132 bytes failed: ReadProcessMemory veya WriteProcessMemory isteðinin sadece bir parçasý tamamlandý. (0x12B)
[0727/211326.699:ERROR:process_memory_win.cc(73)] ReadMemory at 0x1c7a9651d10 of 132 bytes failed: ReadProcessMemory veya WriteProcessMemory isteðinin sadece bir parçasý tamamlandý. (0x12B)
[0727/211326.699:ERROR:process_memory_win.cc(73)] ReadMemory at 0x1c7a9651e40 of 132 bytes failed: ReadProcessMemory veya WriteProcessMemory isteðinin sadece bir parçasý tamamlandý. (0x12B)
[0727/211326.699:ERROR:process_memory_win.cc(73)] ReadMemory at 0x1c7a9651f70 of 132 bytes failed: ReadProcessMemory veya WriteProcessMemory isteðinin sadece bir parçasý tamamlandý. (0x12B)
[0727/211326.699:ERROR:process_memory_win.cc(73)] ReadMemory at 0x1c7a96520a0 of 132 bytes failed: ReadProcessMemory veya WriteProcessMemory isteðinin sadece bir parçasý tamamlandý. (0x12B)
[0727/211326.699:ERROR:process_memory_win.cc(73)] ReadMemory at 0x1c7a96521d0 of 132 bytes failed: ReadProcessMemory veya WriteProcessMemory isteðinin sadece bir parçasý tamamlandý. (0x12B)
[0727/211326.699:ERROR:process_memory_win.cc(73)] ReadMemory at 0x1c7a9652300 of 132 bytes failed: ReadProcessMemory veya WriteProcessMemory isteðinin sadece bir parçasý tamamlandý. (0x12B)
[0727/211326.700:ERROR:process_memory_win.cc(73)] ReadMemory at 0x1c7a9652430 of 132 bytes failed: ReadProcessMemory veya WriteProcessMemory isteðinin sadece bir parçasý tamamlandý. (0x12B)
[0727/211326.700:ERROR:process_memory_win.cc(73)] ReadMemory at 0x1c7a9652560 of 132 bytes failed: ReadProcessMemory veya WriteProcessMemory isteðinin sadece bir parçasý tamamlandý. (0x12B)
[0727/211326.700:ERROR:process_memory_win.cc(73)] ReadMemory at 0x1c7a9652690 of 132 bytes failed: ReadProcessMemory veya WriteProcessMemory isteðinin sadece bir parçasý tamamlandý. (0x12B)
[0727/211326.700:ERROR:process_memory_win.cc(73)] ReadMemory at 0x1c7a96527c0 of 132 bytes failed: ReadProcessMemory veya WriteProcessMemory isteðinin sadece bir parçasý tamamlandý. (0x12B)
[0727/211326.700:ERROR:process_memory_win.cc(73)] ReadMemory at 0x1c7a96528f0 of 132 bytes failed: ReadProcessMemory veya WriteProcessMemory isteðinin sadece bir parçasý tamamlandý. (0x12B)
[0727/211326.700:ERROR:process_memory_win.cc(73)] ReadMemory at 0x1c7a9652a20 of 132 bytes failed: ReadProcessMemory veya WriteProcessMemory isteðinin sadece bir parçasý tamamlandý. (0x12B)
[0727/211326.700:ERROR:process_memory_win.cc(73)] ReadMemory at 0x1c7a9652b50 of 132 bytes failed: ReadProcessMemory veya WriteProcessMemory isteðinin sadece bir parçasý tamamlandý. (0x12B)
[0727/211326.700:ERROR:process_memory_win.cc(73)] ReadMemory at 0x1c7a9652c80 of 132 bytes failed: ReadProcessMemory veya WriteProcessMemory isteðinin sadece bir parçasý tamamlandý. (0x12B)
[0727/211326.700:ERROR:process_memory_win.cc(73)] ReadMemory at 0x1c7a9653fb0 of 80 bytes failed: ReadProcessMemory veya WriteProcessMemory isteðinin sadece bir parçasý tamamlandý. (0x12B)
[0727/211326.700:ERROR:process_memory_win.cc(73)] ReadMemory at 0x1c7a9655cc0 of 60 bytes failed: ReadProcessMemory veya WriteProcessMemory isteðinin sadece bir parçasý tamamlandý. (0x12B)
[0727/211326.700:ERROR:process_memory_win.cc(73)] ReadMemory at 0x1c7a9655db0 of 58 bytes failed: ReadProcessMemory veya WriteProcessMemory isteðinin sadece bir parçasý tamamlandý. (0x12B)
[0727/211326.700:ERROR:process_memory_win.cc(73)] ReadMemory at 0x1c7a9655e50 of 64 bytes failed: ReadProcessMemory veya WriteProcessMemory isteðinin sadece bir parçasý tamamlandý. (0x12B)
[0727/211326.700:ERROR:process_memory_win.cc(73)] ReadMemory at 0x1c7a9655fe0 of 64 bytes failed: ReadProcessMemory veya WriteProcessMemory isteðinin sadece bir parçasý tamamlandý. (0x12B)
[0727/211326.700:ERROR:process_memory_win.cc(73)] ReadMemory at 0x1c7a9656030 of 60 bytes failed: ReadProcessMemory veya WriteProcessMemory isteðinin sadece bir parçasý tamamlandý. (0x12B)
[0727/211326.700:ERROR:process_memory_win.cc(73)] ReadMemory at 0x1c7a9656080 of 62 bytes failed: ReadProcessMemory veya WriteProcessMemory isteðinin sadece bir parçasý tamamlandý. (0x12B)
[0727/211326.701:ERROR:process_memory_win.cc(73)] ReadMemory at 0x1c7a9656620 of 60 bytes failed: ReadProcessMemory veya WriteProcessMemory isteðinin sadece bir parçasý tamamlandý. (0x12B)
[0727/211326.701:ERROR:process_memory_win.cc(73)] ReadMemory at 0x1c7a9656710 of 58 bytes failed: ReadProcessMemory veya WriteProcessMemory isteðinin sadece bir parçasý tamamlandý. (0x12B)
[0727/211326.702:ERROR:process_memory_win.cc(73)] ReadMemory at 0x1c7a9656760 of 64 bytes failed: ReadProcessMemory veya WriteProcessMemory isteðinin sadece bir parçasý tamamlandý. (0x12B)
[0727/211326.702:ERROR:process_memory_win.cc(73)] ReadMemory at 0x1c7a9656850 of 64 bytes failed: ReadProcessMemory veya WriteProcessMemory isteðinin sadece bir parçasý tamamlandý. (0x12B)
[0727/211326.702:ERROR:process_memory_win.cc(73)] ReadMemory at 0x1c7a96568a0 of 64 bytes failed: ReadProcessMemory veya WriteProcessMemory isteðinin sadece bir parçasý tamamlandý. (0x12B)
[0727/211326.702:ERROR:process_memory_win.cc(73)] ReadMemory at 0x1c7a965fdc0 of 54 bytes failed: ReadProcessMemory veya WriteProcessMemory isteðinin sadece bir parçasý tamamlandý. (0x12B)
[0727/211326.702:ERROR:process_memory_win.cc(73)] ReadMemory at 0x1c7a96639b0 of 56 bytes failed: ReadProcessMemory veya WriteProcessMemory isteðinin sadece bir parçasý tamamlandý. (0x12B)
[0727/211326.702:ERROR:process_memory_win.cc(73)] ReadMemory at 0x1c7a9663a00 of 62 bytes failed: ReadProcessMemory veya WriteProcessMemory isteðinin sadece bir parçasý tamamlandý. (0x12B)
[0727/211326.702:ERROR:process_memory_win.cc(73)] ReadMemory at 0x1c7a9663a50 of 58 bytes failed: ReadProcessMemory veya WriteProcessMemory isteðinin sadece bir parçasý tamamlandý. (0x12B)
[0727/211326.702:ERROR:process_memory_win.cc(73)] ReadMemory at 0x1c7a9663be0 of 60 bytes failed: ReadProcessMemory veya WriteProcessMemory isteðinin sadece bir parçasý tamamlandý. (0x12B)
[0727/211326.702:ERROR:process_memory_win.cc(73)] ReadMemory at 0x1c7a9663f00 of 64 bytes failed: ReadProcessMemory veya WriteProcessMemory isteðinin sadece bir parçasý tamamlandý. (0x12B)
[0727/211326.702:ERROR:process_memory_win.cc(73)] ReadMemory at 0x1c7a9663f50 of 60 bytes failed: ReadProcessMemory veya WriteProcessMemory isteðinin sadece bir parçasý tamamlandý. (0x12B)
[0727/211326.702:ERROR:process_memory_win.cc(73)] ReadMemory at 0x1c7a9664220 of 64 bytes failed: ReadProcessMemory veya WriteProcessMemory isteðinin sadece bir parçasý tamamlandý. (0x12B)
[0727/211326.702:ERROR:process_memory_win.cc(73)] ReadMemory at 0x1c7a9664270 of 62 bytes failed: ReadProcessMemory veya WriteProcessMemory isteðinin sadece bir parçasý tamamlandý. (0x12B)
[0727/211326.702:ERROR:process_memory_win.cc(73)] ReadMemory at 0x1c7a96644a0 of 62 bytes failed: ReadProcessMemory veya WriteProcessMemory isteðinin sadece bir parçasý tamamlandý. (0x12B)
[0727/211326.702:ERROR:process_memory_win.cc(73)] ReadMemory at 0x1c7a9664630 of 62 bytes failed: ReadProcessMemory veya WriteProcessMemory isteðinin sadece bir parçasý tamamlandý. (0x12B)
[0727/211326.702:ERROR:process_memory_win.cc(73)] ReadMemory at 0x1c7a9664680 of 64 bytes failed: ReadProcessMemory veya WriteProcessMemory isteðinin sadece bir parçasý tamamlandý. (0x12B)
[0727/211326.702:ERROR:process_memory_win.cc(73)] ReadMemory at 0x1c7a96647c0 of 60 bytes failed: ReadProcessMemory veya WriteProcessMemory isteðinin sadece bir parçasý tamamlandý. (0x12B)
[0727/211326.702:ERROR:process_memory_win.cc(73)] ReadMemory at 0x1c7a96648b0 of 62 bytes failed: ReadProcessMemory veya WriteProcessMemory isteðinin sadece bir parçasý tamamlandý. (0x12B)
[0727/211326.702:ERROR:process_memory_win.cc(73)] ReadMemory at 0x1c7a96649c0 of 132 bytes failed: ReadProcessMemory veya WriteProcessMemory isteðinin sadece bir parçasý tamamlandý. (0x12B)
[0727/211326.702:ERROR:process_memory_win.cc(73)] ReadMemory at 0x1c7a96650e0 of 132 bytes failed: ReadProcessMemory veya WriteProcessMemory isteðinin sadece bir parçasý tamamlandý. (0x12B)
[0727/211326.702:ERROR:process_memory_win.cc(73)] ReadMemory at 0x1c7a9665930 of 132 bytes failed: ReadProcessMemory veya WriteProcessMemory isteðinin sadece bir parçasý tamamlandý. (0x12B)
[0727/211326.702:ERROR:process_memory_win.cc(73)] ReadMemory at 0x1c7a9665a60 of 132 bytes failed: ReadProcessMemory veya WriteProcessMemory isteðinin sadece bir parçasý tamamlandý. (0x12B)
[0727/211326.702:ERROR:process_memory_win.cc(73)] ReadMemory at 0x1c7a9665df0 of 132 bytes failed: ReadProcessMemory veya WriteProcessMemory isteðinin sadece bir parçasý tamamlandý. (0x12B)
[0727/211326.702:ERROR:process_memory_win.cc(73)] ReadMemory at 0x1c7a967afd0 of 512 bytes failed: ReadProcessMemory veya WriteProcessMemory isteðinin sadece bir parçasý tamamlandý. (0x12B)
[0727/211326.702:ERROR:process_memory_win.cc(73)] ReadMemory at 0x1c7a967b950 of 512 bytes failed: ReadProcessMemory veya WriteProcessMemory isteðinin sadece bir parçasý tamamlandý. (0x12B)
[0727/211326.702:ERROR:process_memory_win.cc(73)] ReadMemory at 0x1c7a9bd5280 of 512 bytes failed: ReadProcessMemory veya WriteProcessMemory isteðinin sadece bir parçasý tamamlandý. (0x12B)
[0727/211326.702:ERROR:process_memory_win.cc(73)] ReadMemory at 0x1c7a9bd6ac0 of 512 bytes failed: ReadProcessMemory veya WriteProcessMemory isteðinin sadece bir parçasý tamamlandý. (0x12B)
[0727/211326.702:ERROR:process_memory_win.cc(73)] ReadMemory at 0x1c7a9bd8290 of 512 bytes failed: ReadProcessMemory veya WriteProcessMemory isteðinin sadece bir parçasý tamamlandý. (0x12B)
[0727/211326.703:ERROR:process_memory_win.cc(73)] ReadMemory at 0x1c7a9bdaf50 of 512 bytes failed: ReadProcessMemory veya WriteProcessMemory isteðinin sadece bir parçasý tamamlandý. (0x12B)
[0727/211326.703:ERROR:process_memory_win.cc(73)] ReadMemory at 0x1c7a9c09320 of 712 bytes failed: ReadProcessMemory veya WriteProcessMemory isteðinin sadece bir parçasý tamamlandý. (0x12B)
[0727/211326.703:ERROR:process_memory_win.cc(73)] ReadMemory at 0x1c7a9c199f0 of 512 bytes failed: ReadProcessMemory veya WriteProcessMemory isteðinin sadece bir parçasý tamamlandý. (0x12B)
[0727/211326.703:ERROR:process_memory_win.cc(73)] ReadMemory at 0x1c7acadf630 of 512 bytes failed: ReadProcessMemory veya WriteProcessMemory isteðinin sadece bir parçasý tamamlandý. (0x12B)
[0727/211326.703:ERROR:process_memory_win.cc(73)] ReadMemory at 0x1c7acb7c920 of 512 bytes failed: ReadProcessMemory veya WriteProcessMemory isteðinin sadece bir parçasý tamamlandý. (0x12B)
[0727/211326.703:ERROR:process_memory_win.cc(73)] ReadMemory at 0x1c7acbf3eb0 of 512 bytes failed: ReadProcessMemory veya WriteProcessMemory isteðinin sadece bir parçasý tamamlandý. (0x12B)
[0727/211326.703:ERROR:process_memory_win.cc(73)] ReadMemory at 0x1c7acbf4bb0 of 512 bytes failed: ReadProcessMemory veya WriteProcessMemory isteðinin sadece bir parçasý tamamlandý. (0x12B)
[0727/211326.703:ERROR:process_memory_win.cc(73)] ReadMemory at 0x1c7ad0b1d50 of 800 bytes failed: ReadProcessMemory veya WriteProcessMemory isteðinin sadece bir parçasý tamamlandý. (0x12B)
[0727/211326.703:ERROR:process_memory_win.cc(73)] ReadMemory at 0x1c7ad242550 of 512 bytes failed: ReadProcessMemory veya WriteProcessMemory isteðinin sadece bir parçasý tamamlandý. (0x12B)
[0727/211326.703:ERROR:process_memory_win.cc(73)] ReadMemory at 0x1c7ad470000 of 384 bytes failed: ReadProcessMemory veya WriteProcessMemory isteðinin sadece bir parçasý tamamlandý. (0x12B)
[0727/211326.703:ERROR:process_memory_win.cc(73)] ReadMemory at 0x1c7b42e1ec0 of 512 bytes failed: ReadProcessMemory veya WriteProcessMemory isteðinin sadece bir parçasý tamamlandý. (0x12B)
[0727/211326.703:ERROR:process_memory_win.cc(73)] ReadMemory at 0x1c7b42e3520 of 512 bytes failed: ReadProcessMemory veya WriteProcessMemory isteðinin sadece bir parçasý tamamlandý. (0x12B)
[0727/211326.703:ERROR:process_memory_win.cc(73)] ReadMemory at 0x1c7ba9e9810 of 512 bytes failed: ReadProcessMemory veya WriteProcessMemory isteðinin sadece bir parçasý tamamlandý. (0x12B)
[0727/211326.703:ERROR:process_memory_win.cc(73)] ReadMemory at 0xff811bed030 of 512 bytes failed: ReadProcessMemory veya WriteProcessMemory isteðinin sadece bir parçasý tamamlandý. (0x12B)
[0727/211326.703:ERROR:process_memory_win.cc(73)] ReadMemory at 0x1bd22a5777b8 of 512 bytes failed: ReadProcessMemory veya WriteProcessMemory isteðinin sadece bir parçasý tamamlandý. (0x12B)
[0727/211326.703:ERROR:process_memory_win.cc(73)] ReadMemory at 0x36427e759c18 of 512 bytes failed: ReadProcessMemory veya WriteProcessMemory isteðinin sadece bir parçasý tamamlandý. (0x12B)
[0727/211326.703:ERROR:process_memory_win.cc(73)] ReadMemory at 0x402a65a08690 of 512 bytes failed: ReadProcessMemory veya WriteProcessMemory isteðinin sadece bir parçasý tamamlandý. (0x12B)
[0727/211326.703:ERROR:process_memory_win.cc(73)] ReadMemory at 0x7fff74e822e1 of 512 bytes failed: ReadProcessMemory veya WriteProcessMemory isteðinin sadece bir parçasý tamamlandý. (0x12B)
[0727/211326.703:ERROR:process_memory_win.cc(73)] ReadMemory at 0x7fff752ada3f of 512 bytes failed: ReadProcessMemory veya WriteProcessMemory isteðinin sadece bir parçasý tamamlandý. (0x12B)
[0727/211326.703:ERROR:process_memory_win.cc(73)] ReadMemory at 0x7fff76c309b0 of 512 bytes failed: ReadProcessMemory veya WriteProcessMemory isteðinin sadece bir parçasý tamamlandý. (0x12B)
[0727/211326.703:ERROR:process_memory_win.cc(73)] ReadMemory at 0x7fff76e1ce45 of 512 bytes failed: ReadProcessMemory veya WriteProcessMemory isteðinin sadece bir parçasý tamamlandý. (0x12B)
[0727/211326.703:ERROR:process_memory_win.cc(73)] ReadMemory at 0x7fff76e221d8 of 512 bytes failed: ReadProcessMemory veya WriteProcessMemory isteðinin sadece bir parçasý tamamlandý. (0x12B)
[0727/211326.703:ERROR:process_memory_win.cc(73)] ReadMemory at 0x7fff796d0331 of 512 bytes failed: ReadProcessMemory veya WriteProcessMemory isteðinin sadece bir parçasý tamamlandý. (0x12B)
[0727/211326.703:ERROR:process_memory_win.cc(73)] ReadMemory at 0x7fff79924610 of 512 bytes failed: ReadProcessMemory veya WriteProcessMemory isteðinin sadece bir parçasý tamamlandý. (0x12B)
[0727/211326.703:ERROR:process_memory_win.cc(73)] ReadMemory at 0x7fff7a167fda of 512 bytes failed: ReadProcessMemory veya WriteProcessMemory isteðinin sadece bir parçasý tamamlandý. (0x12B)
[0727/211326.703:ERROR:process_memory_win.cc(73)] ReadMemory at 0x7fffae52a308 of 512 bytes failed: ReadProcessMemory veya WriteProcessMemory isteðinin sadece bir parçasý tamamlandý. (0x12B)
[0727/211326.704:ERROR:process_memory_win.cc(73)] ReadMemory at 0x7fffb0210e00 of 512 bytes failed: ReadProcessMemory veya WriteProcessMemory isteðinin sadece bir parçasý tamamlandý. (0x12B)
[0727/211326.704:ERROR:process_memory_win.cc(73)] ReadMemory at 0x7fffb14879f0 of 512 bytes failed: ReadProcessMemory veya WriteProcessMemory isteðinin sadece bir parçasý tamamlandý. (0x12B)
[0727/211326.704:ERROR:process_memory_win.cc(73)] ReadMemory at 0x7fffb14882e0 of 512 bytes failed: ReadProcessMemory veya WriteProcessMemory isteðinin sadece bir parçasý tamamlandý. (0x12B)
[0727/211326.704:ERROR:process_memory_win.cc(73)] ReadMemory at 0x7fffb148a0d0 of 512 bytes failed: ReadProcessMemory veya WriteProcessMemory isteðinin sadece bir parçasý tamamlandý. (0x12B)
[0727/211326.704:ERROR:process_memory_win.cc(73)] ReadMemory at 0x7fffb14d35f0 of 512 bytes failed: ReadProcessMemory veya WriteProcessMemory isteðinin sadece bir parçasý tamamlandý. (0x12B)
[0727/211326.704:ERROR:process_memory_win.cc(73)] ReadMemory at 0x7fffb14fa9a4 of 672 bytes failed: ReadProcessMemory veya WriteProcessMemory isteðinin sadece bir parçasý tamamlandý. (0x12B)
[0727/211326.704:ERROR:process_memory_win.cc(73)] ReadMemory at 0x7fffb14fafa4 of 512 bytes failed: ReadProcessMemory veya WriteProcessMemory isteðinin sadece bir parçasý tamamlandý. (0x12B)
[0727/211326.704:ERROR:process_memory_win.cc(73)] ReadMemory at 0x7fffb14fe214 of 608 bytes failed: ReadProcessMemory veya WriteProcessMemory isteðinin sadece bir parçasý tamamlandý. (0x12B)
[0727/211326.704:ERROR:process_memory_win.cc(73)] ReadMemory at 0x7fffb15801e0 of 18 bytes failed: ReadProcessMemory veya WriteProcessMemory isteðinin sadece bir parçasý tamamlandý. (0x12B)
[0727/211326.704:ERROR:process_memory_win.cc(73)] ReadMemory at 0x7fffb15b65b0 of 40 bytes failed: ReadProcessMemory veya WriteProcessMemory isteðinin sadece bir parçasý tamamlandý. (0x12B)
[0727/211326.704:ERROR:process_memory_win.cc(73)] ReadMemory at 0x7fffb15b6a08 of 48 bytes failed: ReadProcessMemory veya WriteProcessMemory isteðinin sadece bir parçasý tamamlandý. (0x12B)
[0727/211326.704:ERROR:process_memory_win.cc(73)] ReadMemory at 0x7fffb15bc360 of 64 bytes failed: ReadProcessMemory veya WriteProcessMemory isteðinin sadece bir parçasý tamamlandý. (0x12B)
[0727/211326.706:ERROR:scoped_process_suspend.cc(40)] NtResumeProcess: Sona ermekte olan bir iþleme eriþmeye çalýþýldý. (0xc000010a)
